<?xml version="1.0" encoding="UTF-8"?>
<testng-results ignored="0" total="1" passed="1" failed="0" skipped="0">
  <reporter-output>
  </reporter-output>
  <suite started-at="2023-07-18T13:15:21 IST" name="Default suite" finished-at="2023-07-18T13:15:50 IST" duration-ms="29207">
    <groups>
    </groups>
    <test started-at="2023-07-18T13:15:21 IST" name="Default test" finished-at="2023-07-18T13:15:50 IST" duration-ms="29207">
      <class name="demo.Ajio">
        <test-method signature="ajioTest()[pri:0, instance:demo.Ajio@2794eab6]" started-at="2023-07-18T13:15:21 IST" name="ajioTest" finished-at="2023-07-18T13:15:50 IST" duration-ms="29149" status="PASS">
          <reporter-output>
          </reporter-output>
        </test-method> <!-- ajioTest -->
      </class> <!-- demo.Ajio -->
    </test> <!-- Default test -->
  </suite> <!-- Default suite -->
</testng-results>
